TN:
SF:/Users/wennie/Documents/Lab/new semester/Project/mart_source_v0.3/src/components/estimation/Body_CheckIFPUGFactor.vue
FN:89,(anonymous_0)
FN:102,(anonymous_1)
FN:145,(anonymous_2)
FN:151,(anonymous_3)
FN:168,(anonymous_4)
FNF:5
FNH:2
FNDA:0,(anonymous_0)
FNDA:8,(anonymous_1)
FNDA:2,(anonymous_2)
FNDA:0,(anonymous_3)
FNDA:0,(anonymous_4)
DA:89,8
DA:90,0
DA:91,0
DA:92,0
DA:93,0
DA:94,0
DA:95,0
DA:96,0
DA:97,0
DA:98,0
DA:99,0
DA:100,0
DA:101,0
DA:106,8
DA:140,2
DA:146,2
DA:150,2
DA:152,0
DA:159,1
DA:162,2
DA:167,2
DA:168,1
DA:169,0
DA:174,1
DA:175,1
DA:179,1
DA:190,8
DA:252,8
LF:28
LH:14
BRDA:167,0,0,1
BRDA:167,0,1,1
BRF:2
BRH:2
end_of_record
TN:
SF:/Users/wennie/Documents/Lab/new semester/Project/mart_source_v0.3/src/components/estimation/Body_EditIFPUGFactor.vue
FN:99,isNumber
FN:162,(anonymous_1)
FN:169,(anonymous_2)
FN:203,(anonymous_3)
FN:204,(anonymous_4)
FN:212,(anonymous_5)
FN:345,(anonymous_6)
FN:364,(anonymous_7)
FNF:8
FNH:3
FNDA:24,isNumber
FNDA:0,(anonymous_1)
FNDA:1,(anonymous_2)
FNDA:0,(anonymous_3)
FNDA:0,(anonymous_4)
FNDA:0,(anonymous_5)
FNDA:0,(anonymous_6)
FNDA:7,(anonymous_7)
DA:90,1
DA:92,1
DA:101,24
DA:102,24
DA:103,13
DA:105,11
DA:157,1
DA:163,0
DA:164,0
DA:168,0
DA:170,1
DA:179,16
DA:196,16
DA:197,5
DA:198,5
DA:204,0
DA:205,0
DA:209,0
DA:210,0
DA:213,0
DA:220,11
DA:221,11
DA:230,7
DA:345,7
DA:348,0
DA:349,0
DA:350,0
DA:351,0
DA:352,0
DA:353,0
DA:354,0
DA:355,0
DA:356,0
DA:357,0
DA:365,7
LF:35
LH:17
BRDA:102,0,0,13
BRDA:102,0,1,11
BRDA:196,1,0,5
BRDA:196,1,1,11
BRDA:196,2,0,16
BRDA:196,2,1,8
BRDA:209,3,0,0
BRDA:209,3,1,0
BRF:8
BRH:6
end_of_record
TN:
SF:/Users/wennie/Documents/Lab/new semester/Project/mart_source_v0.3/src/views/user/StepOne.vue
FN:72,(anonymous_0)
FN:73,(anonymous_1)
FN:81,(anonymous_2)
FN:89,(anonymous_3)
FN:127,(anonymous_4)
FN:134,(anonymous_5)
FN:138,(anonymous_6)
FN:141,(anonymous_7)
FN:158,(anonymous_8)
FN:163,(anonymous_9)
FN:166,(anonymous_10)
FNF:11
FNH:7
FNDA:7,(anonymous_0)
FNDA:0,(anonymous_1)
FNDA:7,(anonymous_2)
FNDA:7,(anonymous_3)
FNDA:11,(anonymous_4)
FNDA:22,(anonymous_5)
FNDA:0,(anonymous_6)
FNDA:15,(anonymous_7)
FNDA:2,(anonymous_8)
FNDA:0,(anonymous_9)
FNDA:0,(anonymous_10)
DA:73,7
DA:74,0
DA:76,0
DA:77,0
DA:78,0
DA:79,0
DA:80,0
DA:82,7
DA:84,7
DA:85,7
DA:90,7
DA:124,7
DA:128,11
DA:129,3
DA:131,8
DA:134,22
DA:135,22
DA:136,18
DA:137,18
DA:138,18
DA:139,0
DA:140,0
DA:142,15
DA:143,15
DA:147,4
DA:148,4
DA:152,4
DA:158,2
DA:159,2
DA:161,1
DA:162,1
DA:163,1
DA:164,0
DA:165,0
DA:167,0
DA:168,0
DA:171,1
DA:177,1
LF:38
LH:26
BRDA:128,0,0,3
BRDA:128,0,1,8
BRDA:128,1,0,11
BRDA:128,1,1,4
BRDA:135,2,0,18
BRDA:135,2,1,4
BRDA:159,3,0,1
BRDA:159,3,1,1
BRF:8
BRH:8
end_of_record
TN:
SF:/Users/wennie/Documents/Lab/new semester/Project/mart_source_v0.3/src/components/head/HeadBarLight.vue
FN:52,(anonymous_0)
FNF:1
FNH:0
FNDA:0,(anonymous_0)
DA:48,0
DA:53,0
DA:54,0
DA:55,0
LF:4
LH:0
BRF:0
BRH:0
end_of_record
TN:
SF:/Users/wennie/Documents/Lab/new semester/Project/mart_source_v0.3/src/components/head/HeadBarLight2.vue
FNF:0
FNH:0
LF:0
LH:0
BRF:0
BRH:0
end_of_record
