TN:
SF:/Users/wennie/Documents/Lab/new semester/Project/mart_source_v0.3/src/components/estimation/Body_CheckIFPUGFactor.vue
FN:89,(anonymous_0)
FN:102,(anonymous_1)
FN:145,(anonymous_2)
FN:151,(anonymous_3)
FNF:4
FNH:0
FNDA:0,(anonymous_0)
FNDA:0,(anonymous_1)
FNDA:0,(anonymous_2)
FNDA:0,(anonymous_3)
DA:89,1
DA:90,0
DA:91,0
DA:92,0
DA:93,0
DA:94,0
DA:95,0
DA:96,0
DA:97,0
DA:98,0
DA:99,0
DA:100,0
DA:101,0
DA:103,0
DA:104,0
DA:105,0
DA:106,0
DA:140,0
DA:146,0
DA:150,0
DA:152,0
DA:159,1
DA:162,1
DA:167,1
DA:179,1
DA:190,1
DA:252,1
LF:27
LH:7
BRDA:167,0,0,1
BRF:1
BRH:1
end_of_record
TN:
SF:/Users/wennie/Documents/Lab/new semester/Project/mart_source_v0.3/src/components/estimation/Mtable.vue
FN:158,(anonymous_0)
FN:278,(anonymous_1)
FN:290,(anonymous_2)
FN:293,(anonymous_3)
FN:318,(anonymous_4)
FNF:5
FNH:0
FNDA:0,(anonymous_0)
FNDA:0,(anonymous_1)
FNDA:0,(anonymous_2)
FNDA:0,(anonymous_3)
FNDA:0,(anonymous_4)
DA:76,1
DA:77,1
DA:78,1
DA:81,1
DA:82,1
DA:83,1
DA:84,1
DA:90,1
DA:91,1
DA:92,1
DA:93,1
DA:94,1
DA:95,1
DA:96,1
DA:102,1
DA:103,1
DA:104,1
DA:105,1
DA:106,1
DA:107,1
DA:108,1
DA:111,1
DA:112,1
DA:113,1
DA:114,1
DA:115,0
DA:116,0
DA:117,0
DA:122,1
DA:126,0
DA:128,1
DA:129,1
DA:130,1
DA:131,0
DA:132,0
DA:142,0
DA:143,0
DA:144,0
DA:145,0
DA:146,0
DA:147,0
DA:148,0
DA:149,0
DA:150,0
DA:156,0
DA:160,0
DA:164,0
DA:167,1
DA:168,1
DA:169,1
DA:170,0
DA:175,0
DA:185,0
DA:186,0
DA:187,0
DA:188,0
DA:189,0
DA:190,0
DA:191,0
DA:192,0
DA:193,0
DA:201,5
DA:202,5
DA:203,5
DA:204,5
DA:205,0
DA:206,0
DA:216,0
DA:217,0
DA:218,0
DA:219,0
DA:220,0
DA:221,0
DA:222,0
DA:223,0
DA:224,0
DA:227,5
DA:230,0
DA:231,0
DA:232,0
DA:235,0
DA:236,0
DA:239,0
DA:243,1
DA:278,1
DA:279,0
DA:280,0
DA:281,0
DA:283,0
DA:284,0
DA:286,0
DA:287,0
DA:293,1
DA:294,0
DA:295,0
DA:305,0
DA:306,0
DA:307,0
DA:308,0
DA:309,0
DA:310,0
DA:311,0
DA:312,0
DA:313,0
DA:315,0
DA:317,0
DA:319,0
LF:107
LH:40
BRDA:113,0,0,1
BRDA:113,0,1,0
BRDA:113,1,0,1
BRDA:113,1,1,1
BRDA:114,2,0,0
BRDA:114,2,1,1
BRDA:115,3,0,0
BRDA:115,3,1,0
BRDA:116,4,0,0
BRDA:116,4,1,0
BRDA:131,5,0,0
BRDA:131,5,1,0
BRDA:170,6,0,0
BRDA:170,6,1,0
BRDA:170,7,0,0
BRDA:170,7,1,0
BRDA:170,7,2,0
BRDA:170,7,3,0
BRDA:170,7,4,0
BRDA:205,8,0,0
BRDA:205,8,1,0
BRDA:280,9,0,0
BRDA:280,9,1,0
BRDA:283,10,0,0
BRDA:283,10,1,0
BRDA:286,11,0,0
BRDA:286,11,1,0
BRF:27
BRH:4
end_of_record
